<?xml version="1.0" encoding="UTF-8"?>
<coverage generated="1782785362166" clover="3.2.0">
  <project timestamp="1782785362166" name="All files">
    <metrics statements="72" coveredstatements="72" conditionals="47" coveredconditionals="47" methods="14" coveredmethods="14" elements="133" coveredelements="133" complexity="0" loc="72" ncloc="72" packages="3" files="3" classes="3"/>
    <package name="config">
      <metrics statements="5" coveredstatements="5" conditionals="10" coveredconditionals="10" methods="0" coveredmethods="0"/>
      <file name="database.ts" path="D:\Escritorio\Test\ms_mascotas\src\config\database.ts">
        <metrics statements="5" coveredstatements="5" conditionals="10" coveredconditionals="10" methods="0" coveredmethods="0"/>
        <line num="1" count="1" type="stmt"/>
        <line num="2" count="1" type="stmt"/>
        <line num="3" count="1" type="stmt"/>
        <line num="4" count="1" type="stmt"/>
        <line num="6" count="1" type="stmt"/>
      </file>
    </package>
    <package name="factories">
      <metrics statements="8" coveredstatements="8" conditionals="3" coveredconditionals="3" methods="3" coveredmethods="3"/>
      <file name="ReporteFactory.ts" path="D:\Escritorio\Test\ms_mascotas\src\factories\ReporteFactory.ts">
        <metrics statements="8" coveredstatements="8" conditionals="3" coveredconditionals="3" methods="3" coveredmethods="3"/>
        <line num="1" count="2" type="stmt"/>
        <line num="29" count="2" type="stmt"/>
        <line num="31" count="6" type="stmt"/>
        <line num="39" count="2" type="stmt"/>
        <line num="51" count="7" type="cond" truecount="3" falsecount="0"/>
        <line num="53" count="5" type="stmt"/>
        <line num="55" count="1" type="stmt"/>
        <line num="57" count="1" type="stmt"/>
      </file>
    </package>
    <package name="services">
      <metrics statements="59" coveredstatements="59" conditionals="34" coveredconditionals="34" methods="11" coveredmethods="11"/>
      <file name="ReporteService.ts" path="D:\Escritorio\Test\ms_mascotas\src\services\ReporteService.ts">
        <metrics statements="59" coveredstatements="59" conditionals="34" coveredconditionals="34" methods="11" coveredmethods="11"/>
        <line num="1" count="1" type="stmt"/>
        <line num="3" count="1" type="stmt"/>
        <line num="4" count="1" type="stmt"/>
        <line num="5" count="1" type="stmt"/>
        <line num="6" count="1" type="stmt"/>
        <line num="7" count="1" type="stmt"/>
        <line num="19" count="1" type="stmt"/>
        <line num="20" count="33" type="stmt"/>
        <line num="26" count="4" type="stmt"/>
        <line num="28" count="4" type="cond" truecount="2" falsecount="0"/>
        <line num="29" count="1" type="stmt"/>
        <line num="30" count="1" type="stmt"/>
        <line num="31" count="1" type="stmt"/>
        <line num="32" count="1" type="stmt"/>
        <line num="33" count="1" type="stmt"/>
        <line num="37" count="4" type="stmt"/>
        <line num="39" count="4" type="stmt"/>
        <line num="55" count="4" type="stmt"/>
        <line num="57" count="4" type="stmt"/>
        <line num="61" count="29" type="stmt"/>
        <line num="62" count="29" type="cond" truecount="2" falsecount="0"/>
        <line num="63" count="25" type="stmt"/>
        <line num="67" count="2" type="stmt"/>
        <line num="76" count="8" type="cond" truecount="2" falsecount="0"/>
        <line num="77" count="7" type="stmt"/>
        <line num="78" count="6" type="stmt"/>
        <line num="80" count="5" type="stmt"/>
        <line num="81" count="5" type="cond" truecount="2" falsecount="0"/>
        <line num="84" count="4" type="cond" truecount="2" falsecount="0"/>
        <line num="86" count="4" type="cond" truecount="2" falsecount="0"/>
        <line num="87" count="1" type="stmt"/>
        <line num="95" count="4" type="cond" truecount="2" falsecount="0"/>
        <line num="96" count="1" type="stmt"/>
        <line num="97" count="1" type="stmt"/>
        <line num="98" count="1" type="stmt"/>
        <line num="103" count="1" type="stmt"/>
        <line num="105" count="1" type="stmt"/>
        <line num="108" count="4" type="stmt"/>
        <line num="117" count="7" type="stmt"/>
        <line num="118" count="6" type="cond" truecount="2" falsecount="0"/>
        <line num="120" count="5" type="cond" truecount="2" falsecount="0"/>
        <line num="121" count="4" type="stmt"/>
        <line num="124" count="4" type="stmt"/>
        <line num="125" count="4" type="cond" truecount="2" falsecount="0"/>
        <line num="127" count="3" type="stmt"/>
        <line num="132" count="3" type="stmt"/>
        <line num="136" count="9" type="stmt"/>
        <line num="137" count="8" type="cond" truecount="2" falsecount="0"/>
        <line num="139" count="7" type="cond" truecount="2" falsecount="0"/>
        <line num="140" count="6" type="stmt"/>
        <line num="141" count="5" type="stmt"/>
        <line num="142" count="5" type="cond" truecount="2" falsecount="0"/>
        <line num="143" count="1" type="stmt"/>
        <line num="147" count="5" type="stmt"/>
        <line num="148" count="5" type="cond" truecount="2" falsecount="0"/>
        <line num="150" count="4" type="stmt"/>
        <line num="154" count="1" type="stmt"/>
        <line num="158" count="16" type="cond" truecount="2" falsecount="0"/>
        <line num="159" count="3" type="stmt"/>
      </file>
    </package>
  </project>
</coverage>
