{"D:\\Escritorio\\Test\\ms_mascotas\\src\\config\\database.ts": {"path":"D:\\Escritorio\\Test\\ms_mascotas\\src\\config\\database.ts","statementMap":{"0":{"start":{"line":1,"column":0},"end":{"line":1,"column":26}},"1":{"start":{"line":2,"column":0},"end":{"line":2,"column":37}},"2":{"start":{"line":3,"column":0},"end":{"line":3,"column":46}},"3":{"start":{"line":4,"column":0},"end":{"line":4,"column":54}},"4":{"start":{"line":6,"column":13},"end":{"line":16,"column":3}}},"fnMap":{},"branchMap":{"0":{"loc":{"start":{"line":8,"column":8},"end":{"line":8,"column":42}},"type":"binary-expr","locations":[{"start":{"line":8,"column":8},"end":{"line":8,"column":27}},{"start":{"line":8,"column":31},"end":{"line":8,"column":42}}]},"1":{"loc":{"start":{"line":9,"column":17},"end":{"line":9,"column":46}},"type":"binary-expr","locations":[{"start":{"line":9,"column":17},"end":{"line":9,"column":36}},{"start":{"line":9,"column":40},"end":{"line":9,"column":46}}]},"2":{"loc":{"start":{"line":10,"column":12},"end":{"line":10,"column":49}},"type":"binary-expr","locations":[{"start":{"line":10,"column":12},"end":{"line":10,"column":35}},{"start":{"line":10,"column":39},"end":{"line":10,"column":49}}]},"3":{"loc":{"start":{"line":11,"column":12},"end":{"line":11,"column":49}},"type":"binary-expr","locations":[{"start":{"line":11,"column":12},"end":{"line":11,"column":35}},{"start":{"line":11,"column":39},"end":{"line":11,"column":49}}]},"4":{"loc":{"start":{"line":12,"column":12},"end":{"line":12,"column":52}},"type":"binary-expr","locations":[{"start":{"line":12,"column":12},"end":{"line":12,"column":35}},{"start":{"line":12,"column":39},"end":{"line":12,"column":52}}]}},"s":{"0":1,"1":1,"2":1,"3":1,"4":1},"f":{},"b":{"0":[1,1],"1":[1,1],"2":[1,1],"3":[1,1],"4":[1,1]}}
,"D:\\Escritorio\\Test\\ms_mascotas\\src\\factories\\ReporteFactory.ts": {"path":"D:\\Escritorio\\Test\\ms_mascotas\\src\\factories\\ReporteFactory.ts","statementMap":{"0":{"start":{"line":1,"column":0},"end":{"line":1,"column":106}},"1":{"start":{"line":31,"column":4},"end":{"line":35,"column":6}},"2":{"start":{"line":39,"column":4},"end":{"line":43,"column":6}},"3":{"start":{"line":51,"column":4},"end":{"line":58,"column":5}},"4":{"start":{"line":53,"column":8},"end":{"line":53,"column":50}},"5":{"start":{"line":55,"column":8},"end":{"line":55,"column":53}},"6":{"start":{"line":57,"column":8},"end":{"line":57,"column":64}},"7":{"start":{"line":29,"column":0},"end":{"line":29,"column":13}}},"fnMap":{"0":{"name":"(anonymous_0)","decl":{"start":{"line":30,"column":2},"end":{"line":30,"column":8}},"loc":{"start":{"line":30,"column":45},"end":{"line":36,"column":3}}},"1":{"name":"(anonymous_1)","decl":{"start":{"line":38,"column":2},"end":{"line":38,"column":8}},"loc":{"start":{"line":38,"column":48},"end":{"line":44,"column":3}}},"2":{"name":"(anonymous_2)","decl":{"start":{"line":50,"column":2},"end":{"line":50,"column":8}},"loc":{"start":{"line":50,"column":57},"end":{"line":59,"column":3}}}},"branchMap":{"0":{"loc":{"start":{"line":51,"column":4},"end":{"line":58,"column":5}},"type":"switch","locations":[{"start":{"line":52,"column":6},"end":{"line":53,"column":50}},{"start":{"line":54,"column":6},"end":{"line":55,"column":53}},{"start":{"line":56,"column":6},"end":{"line":57,"column":64}}]}},"s":{"0":2,"1":6,"2":2,"3":7,"4":5,"5":1,"6":1,"7":2},"f":{"0":6,"1":2,"2":7},"b":{"0":[5,1,1]}}
,"D:\\Escritorio\\Test\\ms_mascotas\\src\\services\\ReporteService.ts": {"path":"D:\\Escritorio\\Test\\ms_mascotas\\src\\services\\ReporteService.ts","statementMap":{"0":{"start":{"line":1,"column":0},"end":{"line":1,"column":38}},"1":{"start":{"line":3,"column":0},"end":{"line":3,"column":79}},"2":{"start":{"line":4,"column":0},"end":{"line":4,"column":74}},"3":{"start":{"line":5,"column":0},"end":{"line":5,"column":54}},"4":{"start":{"line":6,"column":0},"end":{"line":6,"column":51}},"5":{"start":{"line":7,"column":0},"end":{"line":7,"column":null}},"6":{"start":{"line":20,"column":31},"end":{"line":20,"column":55}},"7":{"start":{"line":26,"column":25},"end":{"line":26,"column":64}},"8":{"start":{"line":28,"column":4},"end":{"line":35,"column":5}},"9":{"start":{"line":29,"column":6},"end":{"line":34,"column":9}},"10":{"start":{"line":30,"column":21},"end":{"line":30,"column":38}},"11":{"start":{"line":31,"column":8},"end":{"line":31,"column":46}},"12":{"start":{"line":32,"column":8},"end":{"line":32,"column":58}},"13":{"start":{"line":33,"column":8},"end":{"line":33,"column":20}},"14":{"start":{"line":37,"column":20},"end":{"line":37,"column":55}},"15":{"start":{"line":39,"column":40},"end":{"line":54,"column":6}},"16":{"start":{"line":55,"column":4},"end":{"line":55,"column":69}},"17":{"start":{"line":57,"column":4},"end":{"line":57,"column":19}},"18":{"start":{"line":61,"column":20},"end":{"line":61,"column":51}},"19":{"start":{"line":62,"column":4},"end":{"line":62,"column":72}},"20":{"start":{"line":62,"column":18},"end":{"line":62,"column":72}},"21":{"start":{"line":63,"column":4},"end":{"line":63,"column":19}},"22":{"start":{"line":67,"column":4},"end":{"line":67,"column":37}},"23":{"start":{"line":76,"column":4},"end":{"line":76,"column":69}},"24":{"start":{"line":76,"column":20},"end":{"line":76,"column":69}},"25":{"start":{"line":77,"column":22},"end":{"line":77,"column":51}},"26":{"start":{"line":78,"column":4},"end":{"line":78,"column":53}},"27":{"start":{"line":80,"column":24},"end":{"line":80,"column":61}},"28":{"start":{"line":81,"column":4},"end":{"line":81,"column":79}},"29":{"start":{"line":81,"column":22},"end":{"line":81,"column":79}},"30":{"start":{"line":84,"column":6},"end":{"line":84,"column":83}},"31":{"start":{"line":86,"column":4},"end":{"line":93,"column":5}},"32":{"start":{"line":87,"column":6},"end":{"line":92,"column":9}},"33":{"start":{"line":95,"column":4},"end":{"line":106,"column":5}},"34":{"start":{"line":96,"column":23},"end":{"line":96,"column":63}},"35":{"start":{"line":97,"column":26},"end":{"line":104,"column":8}},"36":{"start":{"line":98,"column":21},"end":{"line":102,"column":10}},"37":{"start":{"line":103,"column":8},"end":{"line":103,"column":20}},"38":{"start":{"line":105,"column":6},"end":{"line":105,"column":39}},"39":{"start":{"line":108,"column":4},"end":{"line":108,"column":35}},"40":{"start":{"line":117,"column":22},"end":{"line":117,"column":51}},"41":{"start":{"line":118,"column":4},"end":{"line":118,"column":69}},"42":{"start":{"line":118,"column":20},"end":{"line":118,"column":69}},"43":{"start":{"line":120,"column":4},"end":{"line":122,"column":5}},"44":{"start":{"line":121,"column":6},"end":{"line":121,"column":55}},"45":{"start":{"line":124,"column":24},"end":{"line":124,"column":65}},"46":{"start":{"line":125,"column":4},"end":{"line":125,"column":72}},"47":{"start":{"line":125,"column":22},"end":{"line":125,"column":72}},"48":{"start":{"line":127,"column":4},"end":{"line":130,"column":7}},"49":{"start":{"line":132,"column":4},"end":{"line":132,"column":23}},"50":{"start":{"line":136,"column":22},"end":{"line":136,"column":51}},"51":{"start":{"line":137,"column":4},"end":{"line":137,"column":69}},"52":{"start":{"line":137,"column":20},"end":{"line":137,"column":69}},"53":{"start":{"line":139,"column":4},"end":{"line":145,"column":5}},"54":{"start":{"line":140,"column":6},"end":{"line":140,"column":55}},"55":{"start":{"line":141,"column":26},"end":{"line":141,"column":76}},"56":{"start":{"line":142,"column":6},"end":{"line":144,"column":7}},"57":{"start":{"line":143,"column":8},"end":{"line":143,"column":88}},"58":{"start":{"line":147,"column":15},"end":{"line":147,"column":43}},"59":{"start":{"line":148,"column":4},"end":{"line":148,"column":68}},"60":{"start":{"line":148,"column":13},"end":{"line":148,"column":68}},"61":{"start":{"line":150,"column":4},"end":{"line":150,"column":83}},"62":{"start":{"line":154,"column":4},"end":{"line":154,"column":39}},"63":{"start":{"line":158,"column":4},"end":{"line":160,"column":5}},"64":{"start":{"line":159,"column":6},"end":{"line":159,"column":78}},"65":{"start":{"line":19,"column":0},"end":{"line":19,"column":13}}},"fnMap":{"0":{"name":"(anonymous_1)","decl":{"start":{"line":20,"column":2},"end":{"line":20,"column":31}},"loc":{"start":{"line":20,"column":55},"end":{"line":20,"column":59}}},"1":{"name":"(anonymous_2)","decl":{"start":{"line":22,"column":2},"end":{"line":22,"column":7}},"loc":{"start":{"line":24,"column":35},"end":{"line":58,"column":3}}},"2":{"name":"(anonymous_3)","decl":{"start":{"line":29,"column":40},"end":{"line":29,"column":41}},"loc":{"start":{"line":29,"column":52},"end":{"line":34,"column":7}}},"3":{"name":"(anonymous_4)","decl":{"start":{"line":60,"column":2},"end":{"line":60,"column":7}},"loc":{"start":{"line":60,"column":33},"end":{"line":64,"column":3}}},"4":{"name":"(anonymous_5)","decl":{"start":{"line":66,"column":2},"end":{"line":66,"column":7}},"loc":{"start":{"line":66,"column":46},"end":{"line":68,"column":3}}},"5":{"name":"(anonymous_6)","decl":{"start":{"line":70,"column":2},"end":{"line":70,"column":7}},"loc":{"start":{"line":74,"column":35},"end":{"line":109,"column":3}}},"6":{"name":"(anonymous_7)","decl":{"start":{"line":97,"column":39},"end":{"line":97,"column":40}},"loc":{"start":{"line":97,"column":51},"end":{"line":104,"column":7}}},"7":{"name":"(anonymous_8)","decl":{"start":{"line":111,"column":2},"end":{"line":111,"column":7}},"loc":{"start":{"line":115,"column":24},"end":{"line":133,"column":3}}},"8":{"name":"(anonymous_9)","decl":{"start":{"line":135,"column":2},"end":{"line":135,"column":7}},"loc":{"start":{"line":135,"column":87},"end":{"line":151,"column":3}}},"9":{"name":"(anonymous_10)","decl":{"start":{"line":153,"column":2},"end":{"line":153,"column":7}},"loc":{"start":{"line":153,"column":23},"end":{"line":155,"column":3}}},"10":{"name":"(anonymous_11)","decl":{"start":{"line":157,"column":10},"end":{"line":157,"column":30}},"loc":{"start":{"line":157,"column":66},"end":{"line":161,"column":3}}}},"branchMap":{"0":{"loc":{"start":{"line":28,"column":4},"end":{"line":35,"column":5}},"type":"if","locations":[{"start":{"line":28,"column":4},"end":{"line":35,"column":5}},{"start":{},"end":{}}]},"1":{"loc":{"start":{"line":52,"column":15},"end":{"line":52,"column":59}},"type":"binary-expr","locations":[{"start":{"line":52,"column":15},"end":{"line":52,"column":46}},{"start":{"line":52,"column":50},"end":{"line":52,"column":59}}]},"2":{"loc":{"start":{"line":53,"column":19},"end":{"line":53,"column":51}},"type":"binary-expr","locations":[{"start":{"line":53,"column":19},"end":{"line":53,"column":38}},{"start":{"line":53,"column":42},"end":{"line":53,"column":51}}]},"3":{"loc":{"start":{"line":62,"column":4},"end":{"line":62,"column":72}},"type":"if","locations":[{"start":{"line":62,"column":4},"end":{"line":62,"column":72}},{"start":{},"end":{}}]},"4":{"loc":{"start":{"line":76,"column":4},"end":{"line":76,"column":69}},"type":"if","locations":[{"start":{"line":76,"column":4},"end":{"line":76,"column":69}},{"start":{},"end":{}}]},"5":{"loc":{"start":{"line":81,"column":4},"end":{"line":81,"column":79}},"type":"if","locations":[{"start":{"line":81,"column":4},"end":{"line":81,"column":79}},{"start":{},"end":{}}]},"6":{"loc":{"start":{"line":84,"column":6},"end":{"line":84,"column":83}},"type":"binary-expr","locations":[{"start":{"line":84,"column":6},"end":{"line":84,"column":42}},{"start":{"line":84,"column":46},"end":{"line":84,"column":83}}]},"7":{"loc":{"start":{"line":86,"column":4},"end":{"line":93,"column":5}},"type":"if","locations":[{"start":{"line":86,"column":4},"end":{"line":93,"column":5}},{"start":{},"end":{}}]},"8":{"loc":{"start":{"line":95,"column":4},"end":{"line":106,"column":5}},"type":"if","locations":[{"start":{"line":95,"column":4},"end":{"line":106,"column":5}},{"start":{},"end":{}}]},"9":{"loc":{"start":{"line":118,"column":4},"end":{"line":118,"column":69}},"type":"if","locations":[{"start":{"line":118,"column":4},"end":{"line":118,"column":69}},{"start":{},"end":{}}]},"10":{"loc":{"start":{"line":120,"column":4},"end":{"line":122,"column":5}},"type":"if","locations":[{"start":{"line":120,"column":4},"end":{"line":122,"column":5}},{"start":{},"end":{}}]},"11":{"loc":{"start":{"line":125,"column":4},"end":{"line":125,"column":72}},"type":"if","locations":[{"start":{"line":125,"column":4},"end":{"line":125,"column":72}},{"start":{},"end":{}}]},"12":{"loc":{"start":{"line":137,"column":4},"end":{"line":137,"column":69}},"type":"if","locations":[{"start":{"line":137,"column":4},"end":{"line":137,"column":69}},{"start":{},"end":{}}]},"13":{"loc":{"start":{"line":139,"column":4},"end":{"line":145,"column":5}},"type":"if","locations":[{"start":{"line":139,"column":4},"end":{"line":145,"column":5}},{"start":{},"end":{}}]},"14":{"loc":{"start":{"line":142,"column":6},"end":{"line":144,"column":7}},"type":"if","locations":[{"start":{"line":142,"column":6},"end":{"line":144,"column":7}},{"start":{},"end":{}}]},"15":{"loc":{"start":{"line":148,"column":4},"end":{"line":148,"column":68}},"type":"if","locations":[{"start":{"line":148,"column":4},"end":{"line":148,"column":68}},{"start":{},"end":{}}]},"16":{"loc":{"start":{"line":158,"column":4},"end":{"line":160,"column":5}},"type":"if","locations":[{"start":{"line":158,"column":4},"end":{"line":160,"column":5}},{"start":{},"end":{}}]}},"s":{"0":1,"1":1,"2":1,"3":1,"4":1,"5":1,"6":33,"7":4,"8":4,"9":1,"10":1,"11":1,"12":1,"13":1,"14":4,"15":4,"16":4,"17":4,"18":29,"19":29,"20":4,"21":25,"22":2,"23":8,"24":1,"25":7,"26":6,"27":5,"28":5,"29":1,"30":4,"31":4,"32":1,"33":4,"34":1,"35":1,"36":1,"37":1,"38":1,"39":4,"40":7,"41":6,"42":1,"43":5,"44":4,"45":4,"46":4,"47":1,"48":3,"49":3,"50":9,"51":8,"52":1,"53":7,"54":6,"55":5,"56":5,"57":1,"58":5,"59":5,"60":1,"61":4,"62":1,"63":16,"64":3,"65":1},"f":{"0":33,"1":4,"2":1,"3":29,"4":2,"5":8,"6":1,"7":7,"8":9,"9":1,"10":16},"b":{"0":[1,3],"1":[4,3],"2":[4,3],"3":[4,25],"4":[1,7],"5":[1,4],"6":[4,3],"7":[1,3],"8":[1,3],"9":[1,5],"10":[4,1],"11":[1,3],"12":[1,7],"13":[6,1],"14":[1,4],"15":[1,4],"16":[3,13]}}
}
