TN:
SF:src\config\database.ts
FNF:0
FNH:0
DA:1,1
DA:2,1
DA:3,1
DA:4,1
DA:6,1
LF:5
LH:5
BRDA:8,0,0,1
BRDA:8,0,1,1
BRDA:9,1,0,1
BRDA:9,1,1,1
BRDA:10,2,0,1
BRDA:10,2,1,1
BRDA:11,3,0,1
BRDA:11,3,1,1
BRDA:12,4,0,1
BRDA:12,4,1,1
BRF:10
BRH:10
end_of_record
TN:
SF:src\factories\ReporteFactory.ts
FN:30,(anonymous_0)
FN:38,(anonymous_1)
FN:50,(anonymous_2)
FNF:3
FNH:3
FNDA:6,(anonymous_0)
FNDA:2,(anonymous_1)
FNDA:7,(anonymous_2)
DA:1,2
DA:29,2
DA:31,6
DA:39,2
DA:51,7
DA:53,5
DA:55,1
DA:57,1
LF:8
LH:8
BRDA:51,0,0,5
BRDA:51,0,1,1
BRDA:51,0,2,1
BRF:3
BRH:3
end_of_record
TN:
SF:src\services\ReporteService.ts
FN:20,(anonymous_1)
FN:22,(anonymous_2)
FN:29,(anonymous_3)
FN:60,(anonymous_4)
FN:66,(anonymous_5)
FN:70,(anonymous_6)
FN:97,(anonymous_7)
FN:111,(anonymous_8)
FN:135,(anonymous_9)
FN:153,(anonymous_10)
FN:157,(anonymous_11)
FNF:11
FNH:11
FNDA:33,(anonymous_1)
FNDA:4,(anonymous_2)
FNDA:1,(anonymous_3)
FNDA:29,(anonymous_4)
FNDA:2,(anonymous_5)
FNDA:8,(anonymous_6)
FNDA:1,(anonymous_7)
FNDA:7,(anonymous_8)
FNDA:9,(anonymous_9)
FNDA:1,(anonymous_10)
FNDA:16,(anonymous_11)
DA:1,1
DA:3,1
DA:4,1
DA:5,1
DA:6,1
DA:7,1
DA:19,1
DA:20,33
DA:26,4
DA:28,4
DA:29,1
DA:30,1
DA:31,1
DA:32,1
DA:33,1
DA:37,4
DA:39,4
DA:55,4
DA:57,4
DA:61,29
DA:62,29
DA:63,25
DA:67,2
DA:76,8
DA:77,7
DA:78,6
DA:80,5
DA:81,5
DA:84,4
DA:86,4
DA:87,1
DA:95,4
DA:96,1
DA:97,1
DA:98,1
DA:103,1
DA:105,1
DA:108,4
DA:117,7
DA:118,6
DA:120,5
DA:121,4
DA:124,4
DA:125,4
DA:127,3
DA:132,3
DA:136,9
DA:137,8
DA:139,7
DA:140,6
DA:141,5
DA:142,5
DA:143,1
DA:147,5
DA:148,5
DA:150,4
DA:154,1
DA:158,16
DA:159,3
LF:59
LH:59
BRDA:28,0,0,1
BRDA:28,0,1,3
BRDA:52,1,0,4
BRDA:52,1,1,3
BRDA:53,2,0,4
BRDA:53,2,1,3
BRDA:62,3,0,4
BRDA:62,3,1,25
BRDA:76,4,0,1
BRDA:76,4,1,7
BRDA:81,5,0,1
BRDA:81,5,1,4
BRDA:84,6,0,4
BRDA:84,6,1,3
BRDA:86,7,0,1
BRDA:86,7,1,3
BRDA:95,8,0,1
BRDA:95,8,1,3
BRDA:118,9,0,1
BRDA:118,9,1,5
BRDA:120,10,0,4
BRDA:120,10,1,1
BRDA:125,11,0,1
BRDA:125,11,1,3
BRDA:137,12,0,1
BRDA:137,12,1,7
BRDA:139,13,0,6
BRDA:139,13,1,1
BRDA:142,14,0,1
BRDA:142,14,1,4
BRDA:148,15,0,1
BRDA:148,15,1,4
BRDA:158,16,0,3
BRDA:158,16,1,13
BRF:34
BRH:34
end_of_record
